This is pdfTeX, Version 3.1415926-1.40.10 (TeX Live 2009/Debian) (format=pdflatex 2012.4.25)  20 MAY 2012 02:46
entering extended mode
 %&-line parsing enabled.
**dp.tex
(./dp.tex
LaTeX2e <2009/09/24>
Babel <v3.8l> and hyphenation patterns for english, usenglishmax, dumylang, noh
yphenation, czech, slovak, loaded.
(/usr/share/texmf-texlive/tex/latex/base/article.cls
Document Class: article 2007/10/19 v1.4h Standard LaTeX document class
(/usr/share/texmf-texlive/tex/latex/base/size12.clo
File: size12.clo 2007/10/19 v1.4h Standard LaTeX file (size option)
)
\c@part=\count79
\c@section=\count80
\c@subsection=\count81
\c@subsubsection=\count82
\c@paragraph=\count83
\c@subparagraph=\count84
\c@figure=\count85
\c@table=\count86
\abovecaptionskip=\skip41
\belowcaptionskip=\skip42
\bibindent=\dimen102
)

! LaTeX Error: Missing \begin{document}.

See the LaTeX manual or LaTeX Companion for explanation.
Type  H <return>  for immediate help.
 ...                                              
                                                  
l.3 ‚
     Äé\usepackage[czech]{babel}
You're in trouble here.  Try typing  <return>  to proceed.
If that doesn't work, type  X <return>  to quit.

Missing character: There is no ‚ in font cmr12!
Missing character: There is no Ä in font cmr12!
Missing character: There is no é in font cmr12!
(/usr/share/texmf-texlive/tex/generic/babel/babel.sty
Package: babel 2008/07/06 v3.8l The Babel package

(/usr/share/texmf-texlive/tex/generic/babel/czech.ldf
Language: czech 2008/07/06 v3.1a Czech support from the babel system

(/usr/share/texmf-texlive/tex/generic/babel/babel.def
File: babel.def 2008/07/06 v3.8l Babel common definitions
\babel@savecnt=\count87
\U@D=\dimen103
)
Package babel Info: Making " an active character on input line 172.
\cs@wordlen=\count88
Package babel Info: Making - an active character on input line 226.

Overfull \hbox (410.56091pt too wide) in paragraph at lines 3--324
[]                                                                             
                                                                               
                                                                               
                                                                  
 []

)) (/usr/share/texmf-texlive/tex/latex/base/inputenc.sty
Package: inputenc 2008/03/30 v1.1d Input encoding file
\inpenc@prehook=\toks14
\inpenc@posthook=\toks15

(/usr/share/texmf-texlive/tex/latex/base/utf8.def
File: utf8.def 2008/04/05 v1.1m UTF-8 support for inputenc
Now handling font encoding OML ...
... no UTF-8 mapping file for font encoding OML
Now handling font encoding T1 ...
... processing UTF-8 mapping file for font encoding T1

(/usr/share/texmf-texlive/tex/latex/base/t1enc.dfu
File: t1enc.dfu 2008/04/05 v1.1m UTF-8 support for inputenc
   defining Unicode char U+00A1 (decimal 161)
   defining Unicode char U+00A3 (decimal 163)
   defining Unicode char U+00AB (decimal 171)
   defining Unicode char U+00BB (decimal 187)
   defining Unicode char U+00BF (decimal 191)
   defining Unicode char U+00C0 (decimal 192)
   defining Unicode char U+00C1 (decimal 193)
   defining Unicode char U+00C2 (decimal 194)
   defining Unicode char U+00C3 (decimal 195)
   defining Unicode char U+00C4 (decimal 196)
   defining Unicode char U+00C5 (decimal 197)
   defining Unicode char U+00C6 (decimal 198)
   defining Unicode char U+00C7 (decimal 199)
   defining Unicode char U+00C8 (decimal 200)
   defining Unicode char U+00C9 (decimal 201)
   defining Unicode char U+00CA (decimal 202)
   defining Unicode char U+00CB (decimal 203)
   defining Unicode char U+00CC (decimal 204)
   defining Unicode char U+00CD (decimal 205)
   defining Unicode char U+00CE (decimal 206)
   defining Unicode char U+00CF (decimal 207)
   defining Unicode char U+00D0 (decimal 208)
   defining Unicode char U+00D1 (decimal 209)
   defining Unicode char U+00D2 (decimal 210)
   defining Unicode char U+00D3 (decimal 211)
   defining Unicode char U+00D4 (decimal 212)
   defining Unicode char U+00D5 (decimal 213)
   defining Unicode char U+00D6 (decimal 214)
   defining Unicode char U+00D8 (decimal 216)
   defining Unicode char U+00D9 (decimal 217)
   defining Unicode char U+00DA (decimal 218)
   defining Unicode char U+00DB (decimal 219)
   defining Unicode char U+00DC (decimal 220)
   defining Unicode char U+00DD (decimal 221)
   defining Unicode char U+00DE (decimal 222)
   defining Unicode char U+00DF (decimal 223)
   defining Unicode char U+00E0 (decimal 224)
   defining Unicode char U+00E1 (decimal 225)
   defining Unicode char U+00E2 (decimal 226)
   defining Unicode char U+00E3 (decimal 227)
   defining Unicode char U+00E4 (decimal 228)
   defining Unicode char U+00E5 (decimal 229)
   defining Unicode char U+00E6 (decimal 230)
   defining Unicode char U+00E7 (decimal 231)
   defining Unicode char U+00E8 (decimal 232)
   defining Unicode char U+00E9 (decimal 233)
   defining Unicode char U+00EA (decimal 234)
   defining Unicode char U+00EB (decimal 235)
   defining Unicode char U+00EC (decimal 236)
   defining Unicode char U+00ED (decimal 237)
   defining Unicode char U+00EE (decimal 238)
   defining Unicode char U+00EF (decimal 239)
   defining Unicode char U+00F0 (decimal 240)
   defining Unicode char U+00F1 (decimal 241)
   defining Unicode char U+00F2 (decimal 242)
   defining Unicode char U+00F3 (decimal 243)
   defining Unicode char U+00F4 (decimal 244)
   defining Unicode char U+00F5 (decimal 245)
   defining Unicode char U+00F6 (decimal 246)
   defining Unicode char U+00F8 (decimal 248)
   defining Unicode char U+00F9 (decimal 249)
   defining Unicode char U+00FA (decimal 250)
   defining Unicode char U+00FB (decimal 251)
   defining Unicode char U+00FC (decimal 252)
   defining Unicode char U+00FD (decimal 253)
   defining Unicode char U+00FE (decimal 254)
   defining Unicode char U+00FF (decimal 255)
   defining Unicode char U+0102 (decimal 258)
   defining Unicode char U+0103 (decimal 259)
   defining Unicode char U+0104 (decimal 260)
   defining Unicode char U+0105 (decimal 261)
   defining Unicode char U+0106 (decimal 262)
   defining Unicode char U+0107 (decimal 263)
   defining Unicode char U+010C (decimal 268)
   defining Unicode char U+010D (decimal 269)
   defining Unicode char U+010E (decimal 270)
   defining Unicode char U+010F (decimal 271)
   defining Unicode char U+0110 (decimal 272)
   defining Unicode char U+0111 (decimal 273)
   defining Unicode char U+0118 (decimal 280)
   defining Unicode char U+0119 (decimal 281)
   defining Unicode char U+011A (decimal 282)
   defining Unicode char U+011B (decimal 283)
   defining Unicode char U+011E (decimal 286)
   defining Unicode char U+011F (decimal 287)
   defining Unicode char U+0130 (decimal 304)
   defining Unicode char U+0131 (decimal 305)
   defining Unicode char U+0132 (decimal 306)
   defining Unicode char U+0133 (decimal 307)
   defining Unicode char U+0139 (decimal 313)
   defining Unicode char U+013A (decimal 314)
   defining Unicode char U+013D (decimal 317)
   defining Unicode char U+013E (decimal 318)
   defining Unicode char U+0141 (decimal 321)
   defining Unicode char U+0142 (decimal 322)
   defining Unicode char U+0143 (decimal 323)
   defining Unicode char U+0144 (decimal 324)
   defining Unicode char U+0147 (decimal 327)
   defining Unicode char U+0148 (decimal 328)
   defining Unicode char U+014A (decimal 330)
   defining Unicode char U+014B (decimal 331)
   defining Unicode char U+0150 (decimal 336)
   defining Unicode char U+0151 (decimal 337)
   defining Unicode char U+0152 (decimal 338)
   defining Unicode char U+0153 (decimal 339)
   defining Unicode char U+0154 (decimal 340)
   defining Unicode char U+0155 (decimal 341)
   defining Unicode char U+0158 (decimal 344)
   defining Unicode char U+0159 (decimal 345)
   defining Unicode char U+015A (decimal 346)
   defining Unicode char U+015B (decimal 347)
   defining Unicode char U+015E (decimal 350)
   defining Unicode char U+015F (decimal 351)
   defining Unicode char U+0160 (decimal 352)
   defining Unicode char U+0161 (decimal 353)
   defining Unicode char U+0162 (decimal 354)
   defining Unicode char U+0163 (decimal 355)
   defining Unicode char U+0164 (decimal 356)
   defining Unicode char U+0165 (decimal 357)
   defining Unicode char U+016E (decimal 366)
   defining Unicode char U+016F (decimal 367)
   defining Unicode char U+0170 (decimal 368)
   defining Unicode char U+0171 (decimal 369)
   defining Unicode char U+0178 (decimal 376)
   defining Unicode char U+0179 (decimal 377)
   defining Unicode char U+017A (decimal 378)
   defining Unicode char U+017B (decimal 379)
   defining Unicode char U+017C (decimal 380)
   defining Unicode char U+017D (decimal 381)
   defining Unicode char U+017E (decimal 382)
   defining Unicode char U+200C (decimal 8204)
   defining Unicode char U+2013 (decimal 8211)
   defining Unicode char U+2014 (decimal 8212)
   defining Unicode char U+2018 (decimal 8216)
   defining Unicode char U+2019 (decimal 8217)
   defining Unicode char U+201A (decimal 8218)
   defining Unicode char U+201C (decimal 8220)
   defining Unicode char U+201D (decimal 8221)
   defining Unicode char U+201E (decimal 8222)
   defining Unicode char U+2030 (decimal 8240)
   defining Unicode char U+2031 (decimal 8241)
   defining Unicode char U+2039 (decimal 8249)
   defining Unicode char U+203A (decimal 8250)
   defining Unicode char U+2423 (decimal 9251)
)
Now handling font encoding OT1 ...
... processing UTF-8 mapping file for font encoding OT1

(/usr/share/texmf-texlive/tex/latex/base/ot1enc.dfu
File: ot1enc.dfu 2008/04/05 v1.1m UTF-8 support for inputenc
   defining Unicode char U+00A1 (decimal 161)
   defining Unicode char U+00A3 (decimal 163)
   defining Unicode char U+00B8 (decimal 184)
   defining Unicode char U+00BF (decimal 191)
   defining Unicode char U+00C5 (decimal 197)
   defining Unicode char U+00C6 (decimal 198)
   defining Unicode char U+00D8 (decimal 216)
   defining Unicode char U+00DF (decimal 223)
   defining Unicode char U+00E6 (decimal 230)
   defining Unicode char U+00EC (decimal 236)
   defining Unicode char U+00ED (decimal 237)
   defining Unicode char U+00EE (decimal 238)
   defining Unicode char U+00EF (decimal 239)
   defining Unicode char U+00F8 (decimal 248)
   defining Unicode char U+0131 (decimal 305)
   defining Unicode char U+0141 (decimal 321)
   defining Unicode char U+0142 (decimal 322)
   defining Unicode char U+0152 (decimal 338)
   defining Unicode char U+0153 (decimal 339)
   defining Unicode char U+2013 (decimal 8211)
   defining Unicode char U+2014 (decimal 8212)
   defining Unicode char U+2018 (decimal 8216)
   defining Unicode char U+2019 (decimal 8217)
   defining Unicode char U+201C (decimal 8220)
   defining Unicode char U+201D (decimal 8221)
)
Now handling font encoding OMS ...
... processing UTF-8 mapping file for font encoding OMS

(/usr/share/texmf-texlive/tex/latex/base/omsenc.dfu
File: omsenc.dfu 2008/04/05 v1.1m UTF-8 support for inputenc
   defining Unicode char U+00A7 (decimal 167)
   defining Unicode char U+00B6 (decimal 182)
   defining Unicode char U+00B7 (decimal 183)
   defining Unicode char U+2020 (decimal 8224)
   defining Unicode char U+2021 (decimal 8225)
   defining Unicode char U+2022 (decimal 8226)
)
Now handling font encoding OMX ...
... no UTF-8 mapping file for font encoding OMX
Now handling font encoding U ...
... no UTF-8 mapping file for font encoding U
   defining Unicode char U+00A9 (decimal 169)
   defining Unicode char U+00AA (decimal 170)
   defining Unicode char U+00AE (decimal 174)
   defining Unicode char U+00BA (decimal 186)
   defining Unicode char U+02C6 (decimal 710)
   defining Unicode char U+02DC (decimal 732)
   defining Unicode char U+200C (decimal 8204)
   defining Unicode char U+2026 (decimal 8230)
   defining Unicode char U+2122 (decimal 8482)
   defining Unicode char U+2423 (decimal 9251)
))
(/usr/share/texmf-texlive/tex/latex/hyperref/hyperref.sty
Package: hyperref 2009/10/09 v6.79a Hypertext links for LaTeX

(/usr/share/texmf-texlive/tex/latex/graphics/keyval.sty
Package: keyval 1999/03/16 v1.13 key=value parser (DPC)
\KV@toks@=\toks16
)
(/usr/share/texmf-texlive/tex/generic/oberdiek/ifpdf.sty
Package: ifpdf 2009/04/10 v2.0 Provides the ifpdf switch (HO)
Package ifpdf Info: pdfTeX in pdf mode detected.
)
(/usr/share/texmf-texlive/tex/generic/oberdiek/ifvtex.sty
Package: ifvtex 2008/11/04 v1.4 Switches for detecting VTeX and its modes (HO)
Package ifvtex Info: VTeX not detected.
)
(/usr/share/texmf-texlive/tex/generic/ifxetex/ifxetex.sty
Package: ifxetex 2009/01/23 v0.5 Provides ifxetex conditional
)
(/usr/share/texmf-texlive/tex/latex/oberdiek/hycolor.sty
Package: hycolor 2009/10/02 v1.5 Code for color options of hyperref/bookmark (H
O)

(/usr/share/texmf-texlive/tex/latex/oberdiek/xcolor-patch.sty
Package: xcolor-patch 2009/10/02 xcolor patch
))
\@linkdim=\dimen104
\Hy@linkcounter=\count89
\Hy@pagecounter=\count90

(/usr/share/texmf-texlive/tex/latex/hyperref/pd1enc.def
File: pd1enc.def 2009/10/09 v6.79a Hyperref: PDFDocEncoding definition (HO)
Now handling font encoding PD1 ...
... no UTF-8 mapping file for font encoding PD1
)
(/usr/share/texmf-texlive/tex/generic/oberdiek/etexcmds.sty
Package: etexcmds 2007/12/12 v1.2 Prefix for e-TeX command names (HO)

(/usr/share/texmf-texlive/tex/generic/oberdiek/infwarerr.sty
Package: infwarerr 2007/09/09 v1.2 Providing info/warning/message (HO)
)
Package etexcmds Info: Could not find \expanded.
(etexcmds)             That can mean that you are not using pdfTeX 1.50 or
(etexcmds)             that some package has redefined \expanded.
(etexcmds)             In the latter case, load this package earlier.
)
(/usr/share/texmf-texlive/tex/latex/latexconfig/hyperref.cfg
File: hyperref.cfg 2002/06/06 v1.2 hyperref configuration of TeXLive
)
(/usr/share/texmf-texlive/tex/latex/oberdiek/kvoptions.sty
Package: kvoptions 2009/08/13 v3.4 Keyval support for LaTeX options (HO)

(/usr/share/texmf-texlive/tex/generic/oberdiek/kvsetkeys.sty
Package: kvsetkeys 2009/07/30 v1.5 Key value parser with default handler suppor
t (HO)
))
Package hyperref Info: Hyper figures OFF on input line 2975.
Package hyperref Info: Link nesting OFF on input line 2980.
Package hyperref Info: Hyper index ON on input line 2983.
Package hyperref Info: Plain pages OFF on input line 2990.
Package hyperref Info: Backreferencing OFF on input line 2995.

Implicit mode ON; LaTeX internals redefined
Package hyperref Info: Bookmarks ON on input line 3191.
(/usr/share/texmf-texlive/tex/latex/ltxmisc/url.sty
\Urlmuskip=\muskip10
Package: url 2006/04/12  ver 3.3  Verb mode for urls, etc.
)
LaTeX Info: Redefining \url on input line 3428.

(/usr/share/texmf-texlive/tex/generic/oberdiek/bitset.sty
Package: bitset 2007/09/28 v1.0 Data type bit set (HO)

(/usr/share/texmf-texlive/tex/generic/oberdiek/intcalc.sty
Package: intcalc 2007/09/27 v1.1 Expandable integer calculations (HO)
)
(/usr/share/texmf-texlive/tex/generic/oberdiek/bigintcalc.sty
Package: bigintcalc 2007/11/11 v1.1 Expandable big integer calculations (HO)

(/usr/share/texmf-texlive/tex/generic/oberdiek/pdftexcmds.sty
Package: pdftexcmds 2009/09/23 v0.6 LuaTeX support for pdfTeX utility functions
 (HO)

(/usr/share/texmf-texlive/tex/generic/oberdiek/ifluatex.sty
Package: ifluatex 2009/04/17 v1.2 Provides the ifluatex switch (HO)
Package ifluatex Info: LuaTeX not detected.
)
(/usr/share/texmf-texlive/tex/generic/oberdiek/ltxcmds.sty
Package: ltxcmds 2009/08/05 v1.0 Some LaTeX kernel commands for general use (HO
)
)
Package pdftexcmds Info: LuaTeX not detected.
Package pdftexcmds Info: \pdf@primitive is available.
Package pdftexcmds Info: \pdf@ifprimitive is available.
)))
\Fld@menulength=\count91
\Field@Width=\dimen105
\Fld@charsize=\dimen106
\Field@toks=\toks17
Package hyperref Info: Hyper figures OFF on input line 4377.
Package hyperref Info: Link nesting OFF on input line 4382.
Package hyperref Info: Hyper index ON on input line 4385.
Package hyperref Info: backreferencing OFF on input line 4392.
Package hyperref Info: Link coloring OFF on input line 4397.
Package hyperref Info: Link coloring with OCG OFF on input line 4402.
Package hyperref Info: PDF/A mode OFF on input line 4407.

(/usr/share/texmf-texlive/tex/generic/oberdiek/atbegshi.sty
Package: atbegshi 2008/07/31 v1.9 At begin shipout hook (HO)
)
\Hy@abspage=\count92
\c@Item=\count93
\c@Hfootnote=\count94
)
*hyperref using default driver hpdftex*
(/usr/share/texmf-texlive/tex/latex/hyperref/hpdftex.def
File: hpdftex.def 2009/10/09 v6.79a Hyperref driver for pdfTeX
\Fld@listcount=\count95
) (./dipp2.sty
(/usr/share/texmf-texlive/tex/latex/graphics/graphicx.sty

LaTeX Warning: You have requested package `dipp2',
               but the package provides `graphicx'.

Package: graphicx 1999/02/16 v1.0f Enhanced LaTeX Graphics (DPC,SPQR)
(/usr/share/texmf-texlive/tex/latex/graphics/graphics.sty
Package: graphics 2009/02/05 v1.0o Standard LaTeX Graphics (DPC,SPQR)

(/usr/share/texmf-texlive/tex/latex/graphics/trig.sty
Package: trig 1999/03/16 v1.09 sin cos tan (DPC)
)
(/etc/texmf/tex/latex/config/graphics.cfg
File: graphics.cfg 2009/08/28 v1.8 graphics configuration of TeX Live
)
Package graphics Info: Driver file: pdftex.def on input line 91.

(/usr/share/texmf-texlive/tex/latex/pdftex-def/pdftex.def
File: pdftex.def 2010/03/12 v0.04p Graphics/color for pdfTeX
\Gread@gobject=\count96
))
\Gin@req@height=\dimen107
\Gin@req@width=\dimen108
)
\leftmargini=\dimen109
\leftmarginii=\dimen110
\leftmarginiii=\dimen111
\leftmarginiv=\dimen112
\leftmarginv=\dimen113
\leftmarginvi=\dimen114
) (./dp.aux)
\openout1 = `dp.aux'.

LaTeX Font Info:    Checking defaults for OML/cmm/m/it on input line 15.
LaTeX Font Info:    ... okay on input line 15.
LaTeX Font Info:    Checking defaults for T1/cmr/m/n on input line 15.
LaTeX Font Info:    ... okay on input line 15.
LaTeX Font Info:    Checking defaults for OT1/cmr/m/n on input line 15.
LaTeX Font Info:    ... okay on input line 15.
LaTeX Font Info:    Checking defaults for OMS/cmsy/m/n on input line 15.
LaTeX Font Info:    ... okay on input line 15.
LaTeX Font Info:    Checking defaults for OMX/cmex/m/n on input line 15.
LaTeX Font Info:    ... okay on input line 15.
LaTeX Font Info:    Checking defaults for U/cmr/m/n on input line 15.
LaTeX Font Info:    ... okay on input line 15.
LaTeX Font Info:    Checking defaults for PD1/pdf/m/n on input line 15.
LaTeX Font Info:    ... okay on input line 15.
Package hyperref Info: Link coloring OFF on input line 15.

(/usr/share/texmf-texlive/tex/latex/hyperref/nameref.sty
Package: nameref 2007/05/29 v2.31 Cross-referencing by name of section

(/usr/share/texmf-texlive/tex/latex/oberdiek/refcount.sty
Package: refcount 2008/08/11 v3.1 Data extraction from references (HO)
)
\c@section@level=\count97
)
LaTeX Info: Redefining \ref on input line 15.
LaTeX Info: Redefining \pageref on input line 15.
 (./dp.out)
(./dp.out)
\@outlinefile=\write3
\openout3 = `dp.out'.

\AtBeginShipoutBox=\box26
 (/usr/share/texmf-texlive/tex/context/base/supp-pdf.mkii
[Loading MPS to PDF converter (version 2006.09.02).]
\scratchcounter=\count98
\scratchdimen=\dimen115
\scratchbox=\box27
\nofMPsegments=\count99
\nofMParguments=\count100
\everyMPshowfont=\toks18
\MPscratchCnt=\count101
\MPscratchDim=\dimen116
\MPnumerator=\count102
\everyMPtoPDFconversion=\toks19
)
LaTeX Font Info:    External font `cmex10' loaded for size
(Font)              <14.4> on input line 19.
LaTeX Font Info:    External font `cmex10' loaded for size
(Font)              <7> on input line 19.
 [1

{/var/lib/texmf/fonts/map/pdftex/updmap/pdftex.map}] [2

]
LaTeX Font Info:    External font `cmex10' loaded for size
(Font)              <12> on input line 22.
LaTeX Font Info:    External font `cmex10' loaded for size
(Font)              <8> on input line 22.
LaTeX Font Info:    External font `cmex10' loaded for size
(Font)              <6> on input line 22.
 [3

] [4

] (./dp.toc
[5

])
\tf@toc=\write4
\openout4 = `dp.toc'.

 [6] [7


]

Package hyperref Warning: Composite letter `\textring+u'
(hyperref)                not defined in PD1 encoding,
(hyperref)                removing `\textring' on input line 43.


Package hyperref Warning: Composite letter `\textasciicaron+e'
(hyperref)                not defined in PD1 encoding,
(hyperref)                removing `\textasciicaron' on input line 43.

[8

]

Package hyperref Warning: Composite letter `\textasciicaron+e'
(hyperref)                not defined in PD1 encoding,
(hyperref)                removing `\textasciicaron' on input line 55.

! A <box> was supposed to be here.
<to be read again> 
                   {
l.64 ...e, tedy i nƒõjak√Ω √∫tok. \cite{anonymous}
                                                  
I was expecting to see \hbox or \vbox or \copy or \box or
something like that. So you might find something missing in
your output. But keep trying; you can fix this later.

! A <box> was supposed to be here.
<to be read again> 
                   {
l.64 ...e, tedy i nƒõjak√Ω √∫tok. \cite{anonymous}
                                                  
I was expecting to see \hbox or \vbox or \copy or \box or
something like that. So you might find something missing in
your output. But keep trying; you can fix this later.

[9

] [10]

Package hyperref Warning: Composite letter `\textasciicaron+r'
(hyperref)                not defined in PD1 encoding,
(hyperref)                removing `\textasciicaron' on input line 69.


Package hyperref Warning: Composite letter `\textring+u'
(hyperref)                not defined in PD1 encoding,
(hyperref)                removing `\textring' on input line 69.

<../images/3layer.png, id=333, 371.3875pt x 125.46875pt>
File: ../images/3layer.png Graphic file (type png)

<use ../images/3layer.png>
<../images/wikimedia.png, id=335, 705.63625pt x 449.68pt>
File: ../images/wikimedia.png Graphic file (type png)

<use ../images/wikimedia.png> [11

 <../images/3layer.png> <../images/wikimedia.png (PNG copy)>]
Underfull \hbox (badness 1946) in paragraph at lines 91--92
\OT1/cmr/m/n/12 kde^^Tzto spr^^Sava dy-na-mick^^Seho ob-sahu je n^^Saro^^Tcn^^T
ej^^Ts^^S^^P. Dy-na-mick^^Sy p^^Tr^^S^^Pstup ^^Tcasto
 []

[12

]

Package hyperref Warning: Composite letter `\textasciicaron+c'
(hyperref)                not defined in PD1 encoding,
(hyperref)                removing `\textasciicaron' on input line 94.


Package hyperref Warning: Composite letter `\textasciicaron+c'
(hyperref)                not defined in PD1 encoding,
(hyperref)                removing `\textasciicaron' on input line 97.

! A <box> was supposed to be here.
<to be read again> 
                   {
l.98 ...ci do t≈ô√≠ vrstev. \cite{design-patterns}
                                                  
I was expecting to see \hbox or \vbox or \copy or \box or
something like that. So you might find something missing in
your output. But keep trying; you can fix this later.

! A <box> was supposed to be here.
<to be read again> 
                   {
l.100 ...√≠ do vrstvy View. \cite{design-patterns}
                                                  
I was expecting to see \hbox or \vbox or \copy or \box or
something like that. So you might find something missing in
your output. But keep trying; you can fix this later.

! A <box> was supposed to be here.
<to be read again> 
                   {
l.102 ...st a p≈ôehlednost. \cite{design-patterns}
                                                  
I was expecting to see \hbox or \vbox or \copy or \box or
something like that. So you might find something missing in
your output. But keep trying; you can fix this later.

! A <box> was supposed to be here.
<to be read again> 
                   {
l.104 ...c√≠ch p≈ô√≠stup≈Ø. \cite{design-patterns}
                                                  
I was expecting to see \hbox or \vbox or \copy or \box or
something like that. So you might find something missing in
your output. But keep trying; you can fix this later.

[13

] <../images/mvc.png, id=360, 423.5825pt x 298.11375pt>
File: ../images/mvc.png Graphic file (type png)

<use ../images/mvc.png>

Package hyperref Warning: Composite letter `\textasciicaron+c'
(hyperref)                not defined in PD1 encoding,
(hyperref)                removing `\textasciicaron' on input line 112.

LaTeX Font Info:    Try loading font information for OMS+cmr on input line 117.

(/usr/share/texmf-texlive/tex/latex/base/omscmr.fd
File: omscmr.fd 1999/05/25 v2.5h Standard LaTeX font definitions
)
LaTeX Font Info:    Font shape `OMS/cmr/m/n' in size <12> not available
(Font)              Font shape `OMS/cmsy/m/n' tried instead on input line 117.


Package hyperref Warning: Composite letter `\textasciicaron+c'
(hyperref)                not defined in PD1 encoding,
(hyperref)                removing `\textasciicaron' on input line 124.

[14

 <../images/mvc.png>] [15]

Package hyperref Warning: Composite letter `\textring+u'
(hyperref)                not defined in PD1 encoding,
(hyperref)                removing `\textring' on input line 146.

[16

] [17]
Underfull \hbox (badness 1033) in paragraph at lines 192--193
[]\OT1/cmr/m/n/12 Replikace va-ri-anty master-slave je pod-po-rov^^Sana ve v^^T
et^^Tsin^^Te da-tab^^Sazov^^Sych
 []

[18]

Package hyperref Warning: Composite letter `\textasciicaron+c'
(hyperref)                not defined in PD1 encoding,
(hyperref)                removing `\textasciicaron' on input line 200.

[19] <../images/cache-process.png, id=401, 401.24907pt x 357.58594pt>
File: ../images/cache-process.png Graphic file (type png)

<use ../images/cache-process.png>

Package hyperref Warning: Composite letter `\textasciicaron+c'
(hyperref)                not defined in PD1 encoding,
(hyperref)                removing `\textasciicaron' on input line 226.

[20

 <../images/cache-process.png (PNG copy)>]
Underfull \hbox (badness 10000) in paragraph at lines 234--235

 []

[21] <../images/cache-types.png, id=414, 846.16125pt x 277.035pt>
File: ../images/cache-types.png Graphic file (type png)

<use ../images/cache-types.png>

Package hyperref Warning: Composite letter `\textasciicaron+c'
(hyperref)                not defined in PD1 encoding,
(hyperref)                removing `\textasciicaron' on input line 258.

[22

 <../images/cache-types.png>]
<../images/proxy-cache.png, id=423, 482.80376pt x 147.55125pt>
File: ../images/proxy-cache.png Graphic file (type png)

<use ../images/proxy-cache.png>
<../images/reverse-proxy-cache.png, id=425, 602.25pt x 166.6225pt>
File: ../images/reverse-proxy-cache.png Graphic file (type png)

<use ../images/reverse-proxy-cache.png>

Package hyperref Warning: Composite letter `\textasciicaron+c'
(hyperref)                not defined in PD1 encoding,
(hyperref)                removing `\textasciicaron' on input line 283.

[23 <../images/proxy-cache.png>] [24 <../images/reverse-proxy-cache.png>]
<../images/application-distributed-cache.png, id=439, 442.65375pt x 259.97125pt
>
File: ../images/application-distributed-cache.png Graphic file (type png)
 <use ../images/application-distributed-cache.png> [25 <../images/application-d
istributed-cache.png>] <../images/cdn.png, id=448, 793.96625pt x 269.005pt>
File: ../images/cdn.png Graphic file (type png)

<use ../images/cdn.png> [26

 <../images/cdn.png>]
! A <box> was supposed to be here.
<to be read again> 
                   {
l.323 ...dnotliv√© vrstvy a servery.\cite{virtual}
                                                  
I was expecting to see \hbox or \vbox or \copy or \box or
something like that. So you might find something missing in
your output. But keep trying; you can fix this later.

! A <box> was supposed to be here.
<to be read again> 
                   {
l.323 ...dnotliv√© vrstvy a servery.\cite{virtual}
                                                  
I was expecting to see \hbox or \vbox or \copy or \box or
something like that. So you might find something missing in
your output. But keep trying; you can fix this later.

[27

] <../images/virtual.png, id=462, 346.093pt x 133.298pt>
File: ../images/virtual.png Graphic file (type png)

<use ../images/virtual.png> [28

 <../images/virtual.png>]

Package hyperref Warning: Composite letter `\textasciicaron+e'
(hyperref)                not defined in PD1 encoding,
(hyperref)                removing `\textasciicaron' on input line 333.

<../images/load-balancing.png, id=469, 540.0175pt x 230.8625pt>
File: ../images/load-balancing.png Graphic file (type png)

<use ../images/load-balancing.png> [29

 <../images/load-balancing.png>] [30

]

Package hyperref Warning: Composite letter `\textasciicaron+c'
(hyperref)                not defined in PD1 encoding,
(hyperref)                removing `\textasciicaron' on input line 363.

<../images/nginx-architecture.png, id=481, 681.54625pt x 198.7425pt>
File: ../images/nginx-architecture.png Graphic file (type png)

<use ../images/nginx-architecture.png> [31

 <../images/nginx-architecture.png>]
[32]
Underfull \hbox (badness 10000) in paragraph at lines 434--438

 []


Underfull \hbox (badness 10000) in paragraph at lines 434--438

 []

[33]

Package hyperref Warning: Composite letter `\textasciicaron+c'
(hyperref)                not defined in PD1 encoding,
(hyperref)                removing `\textasciicaron' on input line 457.

[34] <../images/graph-apc.png, id=504, 854.19125pt x 645.41125pt>
File: ../images/graph-apc.png Graphic file (type png)

<use ../images/graph-apc.png>
<../images/top-apc.png, id=505, 643.40375pt x 505.89pt>
File: ../images/top-apc.png Graphic file (type png)

<use ../images/top-apc.png> [35] [36 <../images/graph-apc.png (PNG copy)> <../i
mages/top-apc.png (PNG copy)>]
<../images/app-architecture.png, id=517, 337.26pt x 205.76875pt>
File: ../images/app-architecture.png Graphic file (type png)

<use ../images/app-architecture.png> [37

 <../images/app-architecture.png>]
<../images/graph-db.png, id=525, 855.195pt x 636.3775pt>
File: ../images/graph-db.png Graphic file (type png)

<use ../images/graph-db.png>
<../images/xhprof-model-db-no-optim.png, id=526, 935.495pt x 616.3025pt>
File: ../images/xhprof-model-db-no-optim.png Graphic file (type png)

<use ../images/xhprof-model-db-no-optim.png> [38] [39 <../images/graph-db.png (
PNG copy)> <../images/xhprof-model-db-no-optim.png (PNG copy)>]
<../images/xhprof-model-db-optim.png, id=537, 935.495pt x 608.2725pt>
File: ../images/xhprof-model-db-optim.png Graphic file (type png)

<use ../images/xhprof-model-db-optim.png>
<../images/database-architecture.png, id=538, 481.8pt x 201.75375pt>
File: ../images/database-architecture.png Graphic file (type png)

<use ../images/database-architecture.png>

Package hyperref Warning: Composite letter `\textasciicaron+c'
(hyperref)                not defined in PD1 encoding,
(hyperref)                removing `\textasciicaron' on input line 569.

[40

 <../images/xhprof-model-db-optim.png (PNG copy)> <../images/database-architect
ure.png>] [41] [42]
<../images/graph-memcached.png, id=557, 855.195pt x 632.3625pt>
File: ../images/graph-memcached.png Graphic file (type png)

<use ../images/graph-memcached.png> [43 <../images/graph-memcached.png (PNG cop
y)>]
<../images/xhprof-model-memcached-no-optim.png, id=564, 935.495pt x 614.295pt>
File: ../images/xhprof-model-memcached-no-optim.png Graphic file (type png)

<use ../images/xhprof-model-memcached-no-optim.png>
<../images/xhprof-model-memcached-optim.png, id=565, 939.51pt x 612.2875pt>
File: ../images/xhprof-model-memcached-optim.png Graphic file (type png)

<use ../images/xhprof-model-memcached-optim.png> [44

 <../images/xhprof-model-memcached-no-optim.png (PNG copy)> <../images/xhprof-m
odel-memcached-optim.png (PNG copy)>]
<../images/memcached-architecture.png, id=572, 487.8225pt x 346.29375pt>
File: ../images/memcached-architecture.png Graphic file (type png)

<use ../images/memcached-architecture.png> [45

 <../images/memcached-architecture.png>] <../images/nginx-memcached.png, id=585
, 681.54625pt x 302.12875pt>
File: ../images/nginx-memcached.png Graphic file (type png)

<use ../images/nginx-memcached.png> [46 <../images/nginx-memcached.png>]
<../images/graph-nginx.png, id=597, 855.195pt x 634.37pt>
File: ../images/graph-nginx.png Graphic file (type png)

<use ../images/graph-nginx.png> [47 <../images/graph-nginx.png (PNG copy)>]
File: ../images/nginx-architecture.png Graphic file (type png)

<use ../images/nginx-architecture.png> [48

] [49

] [50]

Package hyperref Warning: Composite letter `\textasciicaron+e'
(hyperref)                not defined in PD1 encoding,
(hyperref)                removing `\textasciicaron' on input line 673.

[51

]
Underfull \hbox (badness 10000) in paragraph at lines 684--685
[]\OT1/cmr/m/sc/12 Kyle Ran-kin \OT1/cmr/m/it/12 Hack and / - Li-nux Trouble-sh
o-o-ting, Part I:
 []


Underfull \hbox (badness 10000) in paragraph at lines 684--685
\OT1/cmr/m/it/12 High Load \OT1/cmr/m/n/12 [on-line]. Li-nux Jour-nal, 1.kv^^Te
tna 2010. URL:
 []


Underfull \hbox (badness 10000) in paragraph at lines 684--685
\OT1/cmr/m/n/12 http://www.linuxjournal.com/magazine/hack-and-linux-troubleshoo
ting-
 []


Underfull \hbox (badness 1052) in paragraph at lines 692--693
\OT1/cmr/m/n/12 7.^^Sunora 2012. URL: http://www.lupa.cz/clanky/utoky-jmenem-an
onymous-
 []


Underfull \hbox (badness 10000) in paragraph at lines 696--697
[]\OT1/cmr/m/sc/12 Doc.Ing.Jaroslav Zen-dulka,CSc. \OT1/cmr/m/it/12 10. Ar-chi-
tek-tura kli-ent/server
 []


Underfull \hbox (badness 10000) in paragraph at lines 696--697
\OT1/cmr/m/it/12 a t^^Tr^^S^^Pvrstv^^Sa ar-chi-tek-tura \OT1/cmr/m/n/12 [on-lin
e]. Brno: VUT-FIT, 2005. URL:
 []


Underfull \hbox (badness 1735) in paragraph at lines 700--701
[]\OT1/cmr/m/sc/12 Brett Mc-Lau-gh-lin \OT1/cmr/m/it/12 Mas-te-ring Ajax \OT1/c
mr/m/n/12 [on-line]. Ibm de-vel-per works, 6.pro-
 []


Underfull \hbox (badness 10000) in paragraph at lines 700--701
\OT1/cmr/m/n/12 since 2005. URL: http://www.ibm.com/developerworks/web/library/
wa-
 []


Underfull \hbox (badness 10000) in paragraph at lines 709--710
[]\OT1/cmr/m/sc/12 Bohdan Blaha \OT1/cmr/m/it/12 SQL Op-ti-ma-li-zace v Oracle 
\OT1/cmr/m/n/12 Praha: Uni-corn
 []


Underfull \hbox (badness 10000) in paragraph at lines 709--710
\OT1/cmr/m/n/12 College, 2010. 47 s. URL: http://www.unicorncollege.cz/katalog-

 []


Underfull \hbox (badness 10000) in paragraph at lines 709--710
\OT1/cmr/m/n/12 bakalarskych-praci/bohdan-blaha/attachments/Blaha[]Bohdan[]-
 []


Underfull \hbox (badness 10000) in paragraph at lines 725--726
[]\OT1/cmr/m/sc/12 Mark Not-tingham \OT1/cmr/m/it/12 CA-CHING TU-TO-RIAL for We
b Au-thors
 []


Underfull \hbox (badness 10000) in paragraph at lines 725--726
\OT1/cmr/m/it/12 and Web-mas-ters \OT1/cmr/m/n/12 [on-line]. Mark Not-tingham, 
1998-2012. URL:
 []

[52]
Underfull \hbox (badness 10000) in paragraph at lines 741--742
[]\OT1/cmr/m/sc/12 Will Re-ese \OT1/cmr/m/it/12 Nginx: the High-Performance Web
 Ser-ver and Re-
 []


Underfull \hbox (badness 10000) in paragraph at lines 741--742
\OT1/cmr/m/it/12 verse Proxy \OT1/cmr/m/n/12 [on-line]. Li-nux Jour-nal, 1.z^^S
a^^Tr^^S^^P 2008. URL:
 []


Underfull \hbox (badness 10000) in paragraph at lines 741--742
\OT1/cmr/m/n/12 http://www.linuxjournal.com/magazine/nginx-high-performance-web
-server-
 []


Underfull \hbox (badness 10000) in paragraph at lines 749--750
[]\OT1/cmr/m/sc/12 Bc. Pa-vel Mi-kulka \OT1/cmr/m/it/12 Im-ple-men-tace CDN a c
lus-te-ringu v prost^^Tred^^S^^P
 []


Underfull \hbox (badness 10000) in paragraph at lines 749--750
\OT1/cmr/m/it/12 GNU/LINUX s testy v^^Sykonnosti\OT1/cmr/m/n/12 , Brno: VUT, 20
08. 65 s. URL:
 []

! Missing $ inserted.
<inserted text> 
                $
l.753 ...ft.eu/blog/nazor_odbornika.php?nazor=450}
                                                  
I've inserted a begin-math/end-math symbol since I think
you left one out. Proceed, with fingers crossed.

! Missing $ inserted.
<inserted text> 
                $
l.754 
      
I've inserted a begin-math/end-math symbol since I think
you left one out. Proceed, with fingers crossed.

! Missing } inserted.
<inserted text> 
                }
l.754 
      
I've inserted something that you may have forgotten.
(See the <inserted text> above.)
With luck, this will get me unwedged. But if you
really didn't forget anything, try typing `2' now; then
my insertion and my current dilemma will both disappear.


Underfull \hbox (badness 10000) in paragraph at lines 753--754
[]\OT1/cmr/m/sc/12 Petr Hr[]u[]sa \OT1/cmr/m/it/12 V^^Syhody a nev^^Syhody vir-
tu-a-li-zace plat-fo-rem a
 []


Underfull \hbox (badness 10000) in paragraph at lines 753--754
\OT1/cmr/m/it/12 aktu^^Saln^^S^^P nab^^S^^Pdka \OT1/cmr/m/n/12 [on-line]. Aqua-
soft, 24.lis-to-padu 2011. URL:
 []

! Extra }, or forgotten \endgroup.
\par ...m \@noitemerr {\@@par }\fi \else {\@@par }
                                                  \fi 
l.754 
      
I've deleted a group-closing symbol because it seems to be
spurious, as in `$x}$'. But perhaps the } is legitimate and
you forgot something else, as in `\hbox{$x}'. In such cases
the way to recover is to insert both the forgotten and the
deleted material, e.g., by typing `I$}'.

[53]

Package hyperref Warning: Composite letter `\textasciicaron+r'
(hyperref)                not defined in PD1 encoding,
(hyperref)                removing `\textasciicaron' on input line 760.

[54

]pdfTeX warning (ext4): destination with the same identifier (name{section.1}) 
has been already used, duplicate ignored
<to be read again> 
                   \relax 
l.761 \priloha{APC webov√© rozhran√≠}
                                     
<../images/apc-web.png, id=639, 744.7825pt x 1106.1325pt>
File: ../images/apc-web.png Graphic file (type png)

<use ../images/apc-web.png> [55

 <../images/apc-web.png (PNG copy)>]pdfTeX warning (ext4): destination with the
 same identifier (name{section.2}) has been already used, duplicate ignored
<to be read again> 
                   \relax 
l.764 ...af z√°vislost√≠ funkc√≠ a metod Symfony2}
                                                  
<../images/callgraph-xhprof.png, id=645, 1294.8375pt x 2007.5pt>
File: ../images/callgraph-xhprof.png Graphic file (type png)

<use ../images/callgraph-xhprof.png> [56

 <../images/callgraph-xhprof.png>]pdfTeX warning (ext4): destination with the s
ame identifier (name{section.3}) has been already used, duplicate ignored
<to be read again> 
                   \relax 
l.767 ...≈æadavky pro reverzn√≠ proxy cache Nginx}
                                                  
<../images/ajax-nginx.png, id=651, 499.8675pt x 1339.0025pt>
File: ../images/ajax-nginx.png Graphic file (type png)

<use ../images/ajax-nginx.png> [57

 <../images/ajax-nginx.png (PNG copy)>]pdfTeX warning (ext4): destination with 
the same identifier (name{section.4}) has been already used, duplicate ignored
<to be read again> 
                   \relax 
l.770 ...likaƒçn√≠ distribuovanou cache Memcached}
                                                  

Package hyperref Warning: Composite letter `\textasciicaron+c'
(hyperref)                not defined in PD1 encoding,
(hyperref)                removing `\textasciicaron' on input line 770.

[58

] (./dp.aux) ) 
Here is how much of TeX's memory you used:
 5220 strings out of 495027
 74778 string characters out of 1181419
 152105 words of memory out of 3000000
 8151 multiletter control sequences out of 15000+50000
 12617 words of font info for 44 fonts, out of 3000000 for 9000
 38 hyphenation exceptions out of 8191
 38i,8n,40p,1844b,445s stack positions out of 5000i,500n,10000p,200000b,50000s
pdfTeX warning (dest): name{cite.nginx-memcached} has been refere
nced but does not exist, replaced by a fixed one

pdfTeX warning (dest): name{cite.nginx} has been referenced but does not exist,
 replaced by a fixed one

pdfTeX warning (dest): name{cite.memcached} has been referenced but does not ex
ist, replaced by a fixed one

pdfTeX warning (dest): name{cite.apc} has been referenced but does not exist, r
eplaced by a fixed one

pdfTeX warning (dest): name{cite.xhprof} has been referenced but does not exist
, replaced by a fixed one

pdfTeX warning (dest): name{cite.virtual} has been referenced but does not exis
t, replaced by a fixed one

pdfTeX warning (dest): name{cite.cdn} has been referenced but does not exist, r
eplaced by a fixed one

pdfTeX warning (dest): name{cite.proxy-cache} has been referenced but does not 
exist, replaced by a fixed one

pdfTeX warning (dest): name{cite.rfc-http} has been referenced but does not exi
st, replaced by a fixed one

pdfTeX warning (dest): name{cite.replikace} has been referenced but does not ex
ist, replaced by a fixed one

pdfTeX warning (dest): name{cite.partitioning-db} has been referenced but does 
not exist, replaced by a fixed one

pdfTeX warning (dest): name{cite.optimalizace-sql} has been referenced but does
 not exist, replaced by a fixed one

pdfTeX warning (dest): name{cite.ajax} has been referenced but does not exist, 
replaced by a fixed one

pdfTeX warning (dest): name{cite.design-patterns} has been referenced but does 
not exist, replaced by a fixed one

pdfTeX warning (dest): name{cite.tri-vrstvy} has been referenced but does not e
xist, replaced by a fixed one

pdfTeX warning (dest): name{cite.anonymous} has been referenced but does not ex
ist, replaced by a fixed one

pdfTeX warning (dest): name{cite.dos} has been referenced but does not exist, r
eplaced by a fixed one

pdfTeX warning (dest): name{cite.sledovani-zatizeni} has been referenced but do
es not exist, replaced by a fixed one

</usr/share/texmf-texlive/fonts/type1/public/amsfonts/cm/cmbx12.pfb></usr/share
/texmf-texlive/fonts/type1/public/amsfonts/cm/cmcsc10.pfb></usr/share/texmf-tex
live/fonts/type1/public/amsfonts/cm/cmmi12.pfb></usr/share/texmf-texlive/fonts/
type1/public/amsfonts/cm/cmmi8.pfb></usr/share/texmf-texlive/fonts/type1/public
/amsfonts/cm/cmr10.pfb></usr/share/texmf-texlive/fonts/type1/public/amsfonts/cm
/cmr12.pfb></usr/share/texmf-texlive/fonts/type1/public/amsfonts/cm/cmr6.pfb></
usr/share/texmf-texlive/fonts/type1/public/amsfonts/cm/cmss10.pfb></usr/share/t
exmf-texlive/fonts/type1/public/amsfonts/cm/cmss12.pfb></usr/share/texmf-texliv
e/fonts/type1/public/amsfonts/cm/cmss17.pfb></usr/share/texmf-texlive/fonts/typ
e1/public/amsfonts/cm/cmssbx10.pfb></usr/share/texmf-texlive/fonts/type1/public
/amsfonts/cm/cmsy10.pfb></usr/share/texmf-texlive/fonts/type1/public/amsfonts/c
m/cmti12.pfb></usr/share/texmf-texlive/fonts/type1/public/amsfonts/cm/cmtt8.pfb
>
Output written on dp.pdf (58 pages, 2354076 bytes).
PDF statistics:
 740 PDF objects out of 1000 (max. 8388607)
 154 named destinations out of 1000 (max. 500000)
 581 words of extra memory for PDF output out of 10000 (max. 10000000)

